<?xml version="1.0" encoding="UTF-8"?>
<!-- Generated by org.testng.reporters.JUnitReportReporter -->
<testsuite hostname="MSI" failures="0" tests="5" name="tests.ProductTest" time="2.330" errors="0" timestamp="2022-09-22T15:20:52 IST" skipped="0">
  <testcase classname="tests.ProductTest" name="validateRequest" time="2.101"/>
  <system-out/>
  <testcase classname="tests.ProductTest" name="validateRequest" time="0.057"/>
  <system-out/>
  <testcase classname="tests.ProductTest" name="validateRequest" time="0.064"/>
  <system-out/>
  <testcase classname="tests.ProductTest" name="validateRequest" time="0.064"/>
  <system-out/>
  <testcase classname="tests.ProductTest" name="validateRequest" time="0.044"/>
  <system-out/>
</testsuite> <!-- tests.ProductTest -->
